[0;34mðŸ¤– AIå¼€å‘çŽ¯å¢ƒæ£€æŸ¥[0m
[1;32mâœ… è™šæ‹ŸçŽ¯å¢ƒå·²æ¿€æ´»: /home/user/projects/football-predict-system/.venv[0m
[1;32mâœ… Pythonç‰ˆæœ¬: Python 3.11.9[0m
[1;33mInstalling dependencies...[0m
pip install -U pip uv
Requirement already satisfied: pip in ./.venv/lib/python3.11/site-packages (25.2)
Collecting uv
  Using cached uv-0.8.13-py3-none-manylinux_2_17_x86_64.manylinux2014_x86_64.whl.metadata (11 kB)
Using cached uv-0.8.13-py3-none-manylinux_2_17_x86_64.manylinux2014_x86_64.whl (19.5 MB)
Installing collected packages: uv
Successfully installed uv-0.8.13
pip install -r requirements.txt
Requirement already satisfied: fastapi==0.110.3 in ./.venv/lib/python3.11/site-packages (from -r requirements.txt (line 2)) (0.110.3)
Requirement already satisfied: uvicorn==0.30.1 in ./.venv/lib/python3.11/site-packages (from uvicorn[standard]==0.30.1->-r requirements.txt (line 3)) (0.30.1)
Requirement already satisfied: pydantic==2.8.2 in ./.venv/lib/python3.11/site-packages (from -r requirements.txt (line 4)) (2.8.2)
Requirement already satisfied: pydantic-settings==2.3.3 in ./.venv/lib/python3.11/site-packages (from -r requirements.txt (line 5)) (2.3.3)
Requirement already satisfied: numpy==1.26.4 in ./.venv/lib/python3.11/site-packages (from -r requirements.txt (line 8)) (1.26.4)
Requirement already satisfied: pandas==2.2.2 in ./.venv/lib/python3.11/site-packages (from -r requirements.txt (line 9)) (2.2.2)
Requirement already satisfied: scipy==1.13.1 in ./.venv/lib/python3.11/site-packages (from -r requirements.txt (line 10)) (1.13.1)
Requirement already satisfied: scikit-learn==1.4.2 in ./.venv/lib/python3.11/site-packages (from -r requirements.txt (line 11)) (1.4.2)
Requirement already satisfied: xgboost==2.0.3 in ./.venv/lib/python3.11/site-packages (from -r requirements.txt (line 12)) (2.0.3)
Requirement already satisfied: SQLAlchemy==2.0.31 in ./.venv/lib/python3.11/site-packages (from -r requirements.txt (line 15)) (2.0.31)
Requirement already satisfied: alembic==1.13.1 in ./.venv/lib/python3.11/site-packages (from -r requirements.txt (line 16)) (1.13.1)
Requirement already satisfied: psycopg2-binary==2.9.9 in ./.venv/lib/python3.11/site-packages (from -r requirements.txt (line 17)) (2.9.9)
Requirement already satisfied: aiosqlite==0.20.0 in ./.venv/lib/python3.11/site-packages (from -r requirements.txt (line 18)) (0.20.0)
Requirement already satisfied: python-dotenv==1.0.1 in ./.venv/lib/python3.11/site-packages (from -r requirements.txt (line 21)) (1.0.1)
Requirement already satisfied: httpx==0.27.0 in ./.venv/lib/python3.11/site-packages (from -r requirements.txt (line 22)) (0.27.0)
Requirement already satisfied: requests==2.32.3 in ./.venv/lib/python3.11/site-packages (from -r requirements.txt (line 23)) (2.32.3)
Requirement already satisfied: types-requests==2.32.0.20240712 in ./.venv/lib/python3.11/site-packages (from -r requirements.txt (line 24)) (2.32.0.20240712)
Requirement already satisfied: types-urllib3==1.26.25.14 in ./.venv/lib/python3.11/site-packages (from -r requirements.txt (line 25)) (1.26.25.14)
Collecting pytest==8.2.1 (from -r requirements.txt (line 28))
  Using cached pytest-8.2.1-py3-none-any.whl.metadata (7.6 kB)
Collecting pytest-cov==5.0.0 (from -r requirements.txt (line 29))
  Using cached pytest_cov-5.0.0-py3-none-any.whl.metadata (27 kB)
Collecting mypy==1.10.0 (from -r requirements.txt (line 30))
  Using cached mypy-1.10.0-cp311-cp311-manylinux_2_17_x86_64.manylinux2014_x86_64.whl.metadata (1.9 kB)
Collecting ruff==0.5.5 (from -r requirements.txt (line 31))
  Using cached ruff-0.5.5-py3-none-manylinux_2_17_x86_64.manylinux2014_x86_64.whl.metadata (24 kB)
Collecting bandit==1.7.9 (from -r requirements.txt (line 32))
  Using cached bandit-1.7.9-py3-none-any.whl.metadata (6.7 kB)
Requirement already satisfied: starlette<0.38.0,>=0.37.2 in ./.venv/lib/python3.11/site-packages (from fastapi==0.110.3->-r requirements.txt (line 2)) (0.37.2)
Requirement already satisfied: typing-extensions>=4.8.0 in ./.venv/lib/python3.11/site-packages (from fastapi==0.110.3->-r requirements.txt (line 2)) (4.15.0)
Requirement already satisfied: annotated-types>=0.4.0 in ./.venv/lib/python3.11/site-packages (from pydantic==2.8.2->-r requirements.txt (line 4)) (0.7.0)
Requirement already satisfied: pydantic-core==2.20.1 in ./.venv/lib/python3.11/site-packages (from pydantic==2.8.2->-r requirements.txt (line 4)) (2.20.1)
Requirement already satisfied: click>=7.0 in ./.venv/lib/python3.11/site-packages (from uvicorn==0.30.1->uvicorn[standard]==0.30.1->-r requirements.txt (line 3)) (8.1.8)
Requirement already satisfied: h11>=0.8 in ./.venv/lib/python3.11/site-packages (from uvicorn==0.30.1->uvicorn[standard]==0.30.1->-r requirements.txt (line 3)) (0.16.0)
Requirement already satisfied: python-dateutil>=2.8.2 in ./.venv/lib/python3.11/site-packages (from pandas==2.2.2->-r requirements.txt (line 9)) (2.9.0.post0)
Requirement already satisfied: pytz>=2020.1 in ./.venv/lib/python3.11/site-packages (from pandas==2.2.2->-r requirements.txt (line 9)) (2025.2)
Requirement already satisfied: tzdata>=2022.7 in ./.venv/lib/python3.11/site-packages (from pandas==2.2.2->-r requirements.txt (line 9)) (2025.2)
Requirement already satisfied: joblib>=1.2.0 in ./.venv/lib/python3.11/site-packages (from scikit-learn==1.4.2->-r requirements.txt (line 11)) (1.5.1)
Requirement already satisfied: threadpoolctl>=2.0.0 in ./.venv/lib/python3.11/site-packages (from scikit-learn==1.4.2->-r requirements.txt (line 11)) (3.6.0)
Requirement already satisfied: greenlet!=0.4.17 in ./.venv/lib/python3.11/site-packages (from SQLAlchemy==2.0.31->-r requirements.txt (line 15)) (3.2.4)
Requirement already satisfied: Mako in ./.venv/lib/python3.11/site-packages (from alembic==1.13.1->-r requirements.txt (line 16)) (1.3.10)
Requirement already satisfied: anyio in ./.venv/lib/python3.11/site-packages (from httpx==0.27.0->-r requirements.txt (line 22)) (4.10.0)
Requirement already satisfied: certifi in ./.venv/lib/python3.11/site-packages (from httpx==0.27.0->-r requirements.txt (line 22)) (2025.8.3)
Requirement already satisfied: httpcore==1.* in ./.venv/lib/python3.11/site-packages (from httpx==0.27.0->-r requirements.txt (line 22)) (1.0.9)
Requirement already satisfied: idna in ./.venv/lib/python3.11/site-packages (from httpx==0.27.0->-r requirements.txt (line 22)) (3.10)
Requirement already satisfied: sniffio in ./.venv/lib/python3.11/site-packages (from httpx==0.27.0->-r requirements.txt (line 22)) (1.3.1)
Requirement already satisfied: charset-normalizer<4,>=2 in ./.venv/lib/python3.11/site-packages (from requests==2.32.3->-r requirements.txt (line 23)) (3.4.3)
Requirement already satisfied: urllib3<3,>=1.21.1 in ./.venv/lib/python3.11/site-packages (from requests==2.32.3->-r requirements.txt (line 23)) (2.5.0)
Requirement already satisfied: iniconfig in ./.venv/lib/python3.11/site-packages (from pytest==8.2.1->-r requirements.txt (line 28)) (2.1.0)
Requirement already satisfied: packaging in ./.venv/lib/python3.11/site-packages (from pytest==8.2.1->-r requirements.txt (line 28)) (25.0)
Requirement already satisfied: pluggy<2.0,>=1.5 in ./.venv/lib/python3.11/site-packages (from pytest==8.2.1->-r requirements.txt (line 28)) (1.6.0)
Requirement already satisfied: coverage>=5.2.1 in ./.venv/lib/python3.11/site-packages (from coverage[toml]>=5.2.1->pytest-cov==5.0.0->-r requirements.txt (line 29)) (7.10.5)
Requirement already satisfied: mypy-extensions>=1.0.0 in ./.venv/lib/python3.11/site-packages (from mypy==1.10.0->-r requirements.txt (line 30)) (1.1.0)
Requirement already satisfied: PyYAML>=5.3.1 in ./.venv/lib/python3.11/site-packages (from bandit==1.7.9->-r requirements.txt (line 32)) (6.0.2)
Requirement already satisfied: stevedore>=1.20.0 in ./.venv/lib/python3.11/site-packages (from bandit==1.7.9->-r requirements.txt (line 32)) (5.5.0)
Requirement already satisfied: rich in ./.venv/lib/python3.11/site-packages (from bandit==1.7.9->-r requirements.txt (line 32)) (14.1.0)
Requirement already satisfied: httptools>=0.5.0 in ./.venv/lib/python3.11/site-packages (from uvicorn[standard]==0.30.1->-r requirements.txt (line 3)) (0.6.4)
Requirement already satisfied: uvloop!=0.15.0,!=0.15.1,>=0.14.0 in ./.venv/lib/python3.11/site-packages (from uvicorn[standard]==0.30.1->-r requirements.txt (line 3)) (0.21.0)
Requirement already satisfied: watchfiles>=0.13 in ./.venv/lib/python3.11/site-packages (from uvicorn[standard]==0.30.1->-r requirements.txt (line 3)) (1.1.0)
Requirement already satisfied: websockets>=10.4 in ./.venv/lib/python3.11/site-packages (from uvicorn[standard]==0.30.1->-r requirements.txt (line 3)) (13.1)
Requirement already satisfied: six>=1.5 in ./.venv/lib/python3.11/site-packages (from python-dateutil>=2.8.2->pandas==2.2.2->-r requirements.txt (line 9)) (1.17.0)
Requirement already satisfied: MarkupSafe>=0.9.2 in ./.venv/lib/python3.11/site-packages (from Mako->alembic==1.13.1->-r requirements.txt (line 16)) (3.0.2)
Requirement already satisfied: markdown-it-py>=2.2.0 in ./.venv/lib/python3.11/site-packages (from rich->bandit==1.7.9->-r requirements.txt (line 32)) (4.0.0)
Requirement already satisfied: pygments<3.0.0,>=2.13.0 in ./.venv/lib/python3.11/site-packages (from rich->bandit==1.7.9->-r requirements.txt (line 32)) (2.19.2)
Requirement already satisfied: mdurl~=0.1 in ./.venv/lib/python3.11/site-packages (from markdown-it-py>=2.2.0->rich->bandit==1.7.9->-r requirements.txt (line 32)) (0.1.2)
Using cached pytest-8.2.1-py3-none-any.whl (339 kB)
Using cached pytest_cov-5.0.0-py3-none-any.whl (21 kB)
Using cached mypy-1.10.0-cp311-cp311-manylinux_2_17_x86_64.manylinux2014_x86_64.whl (12.6 MB)
Using cached ruff-0.5.5-py3-none-manylinux_2_17_x86_64.manylinux2014_x86_64.whl (10.1 MB)
Using cached bandit-1.7.9-py3-none-any.whl (127 kB)
Installing collected packages: ruff, pytest, mypy, pytest-cov, bandit
  Attempting uninstall: ruff
    Found existing installation: ruff 0.12.10
    Uninstalling ruff-0.12.10:
      Successfully uninstalled ruff-0.12.10
  Attempting uninstall: pytest
    Found existing installation: pytest 8.4.1
    Uninstalling pytest-8.4.1:
      Successfully uninstalled pytest-8.4.1
  Attempting uninstall: mypy
    Found existing installation: mypy 1.17.1
    Uninstalling mypy-1.17.1:
      Successfully uninstalled mypy-1.17.1
  Attempting uninstall: pytest-cov
    Found existing installation: pytest-cov 6.2.1
    Uninstalling pytest-cov-6.2.1:
      Successfully uninstalled pytest-cov-6.2.1
  Attempting uninstall: bandit
    Found existing installation: bandit 1.8.6
    Uninstalling bandit-1.8.6:
      Successfully uninstalled bandit-1.8.6

Successfully installed bandit-1.7.9 mypy-1.10.0 pytest-8.2.1 pytest-cov-5.0.0 ruff-0.5.5
pip install -e .
Obtaining file:///home/user/projects/football-predict-system
  Installing build dependencies: started
  Installing build dependencies: finished with status 'done'
  Checking if build backend supports build_editable: started
  Checking if build backend supports build_editable: finished with status 'done'
  Getting requirements to build editable: started
  Getting requirements to build editable: finished with status 'done'
  Preparing editable metadata (pyproject.toml): started
  Preparing editable metadata (pyproject.toml): finished with status 'done'
Requirement already satisfied: fastapi in ./.venv/lib/python3.11/site-packages (from football-predictor==0.1.0) (0.110.3)
Requirement already satisfied: uvicorn in ./.venv/lib/python3.11/site-packages (from football-predictor==0.1.0) (0.30.1)
Requirement already satisfied: pydantic in ./.venv/lib/python3.11/site-packages (from football-predictor==0.1.0) (2.8.2)
Requirement already satisfied: pydantic-settings in ./.venv/lib/python3.11/site-packages (from football-predictor==0.1.0) (2.3.3)
Requirement already satisfied: xgboost in ./.venv/lib/python3.11/site-packages (from football-predictor==0.1.0) (2.0.3)
Requirement already satisfied: pandas in ./.venv/lib/python3.11/site-packages (from football-predictor==0.1.0) (2.2.2)
Requirement already satisfied: numpy in ./.venv/lib/python3.11/site-packages (from football-predictor==0.1.0) (1.26.4)
Requirement already satisfied: psycopg[binary] in ./.venv/lib/python3.11/site-packages (from football-predictor==0.1.0) (3.2.9)
Requirement already satisfied: sqlalchemy in ./.venv/lib/python3.11/site-packages (from football-predictor==0.1.0) (2.0.31)
Requirement already satisfied: prefect in ./.venv/lib/python3.11/site-packages (from football-predictor==0.1.0) (2.20.21)
Requirement already satisfied: prometheus-client in ./.venv/lib/python3.11/site-packages (from football-predictor==0.1.0) (0.22.1)
Requirement already satisfied: httpx in ./.venv/lib/python3.11/site-packages (from football-predictor==0.1.0) (0.27.0)
Requirement already satisfied: beautifulsoup4 in ./.venv/lib/python3.11/site-packages (from football-predictor==0.1.0) (4.13.5)
Requirement already satisfied: structlog in ./.venv/lib/python3.11/site-packages (from football-predictor==0.1.0) (25.4.0)
Requirement already satisfied: pytest in ./.venv/lib/python3.11/site-packages (from football-predictor==0.1.0) (8.2.1)
Requirement already satisfied: pytest-cov in ./.venv/lib/python3.11/site-packages (from football-predictor==0.1.0) (5.0.0)
Requirement already satisfied: soupsieve>1.2 in ./.venv/lib/python3.11/site-packages (from beautifulsoup4->football-predictor==0.1.0) (2.7)
Requirement already satisfied: typing-extensions>=4.0.0 in ./.venv/lib/python3.11/site-packages (from beautifulsoup4->football-predictor==0.1.0) (4.15.0)
Requirement already satisfied: starlette<0.38.0,>=0.37.2 in ./.venv/lib/python3.11/site-packages (from fastapi->football-predictor==0.1.0) (0.37.2)
Requirement already satisfied: annotated-types>=0.4.0 in ./.venv/lib/python3.11/site-packages (from pydantic->football-predictor==0.1.0) (0.7.0)
Requirement already satisfied: pydantic-core==2.20.1 in ./.venv/lib/python3.11/site-packages (from pydantic->football-predictor==0.1.0) (2.20.1)
Requirement already satisfied: anyio<5,>=3.4.0 in ./.venv/lib/python3.11/site-packages (from starlette<0.38.0,>=0.37.2->fastapi->football-predictor==0.1.0) (4.10.0)
Requirement already satisfied: idna>=2.8 in ./.venv/lib/python3.11/site-packages (from anyio<5,>=3.4.0->starlette<0.38.0,>=0.37.2->fastapi->football-predictor==0.1.0) (3.10)
Requirement already satisfied: sniffio>=1.1 in ./.venv/lib/python3.11/site-packages (from anyio<5,>=3.4.0->starlette<0.38.0,>=0.37.2->fastapi->football-predictor==0.1.0) (1.3.1)
Requirement already satisfied: certifi in ./.venv/lib/python3.11/site-packages (from httpx->football-predictor==0.1.0) (2025.8.3)
Requirement already satisfied: httpcore==1.* in ./.venv/lib/python3.11/site-packages (from httpx->football-predictor==0.1.0) (1.0.9)
Requirement already satisfied: h11>=0.16 in ./.venv/lib/python3.11/site-packages (from httpcore==1.*->httpx->football-predictor==0.1.0) (0.16.0)
Requirement already satisfied: python-dateutil>=2.8.2 in ./.venv/lib/python3.11/site-packages (from pandas->football-predictor==0.1.0) (2.9.0.post0)
Requirement already satisfied: pytz>=2020.1 in ./.venv/lib/python3.11/site-packages (from pandas->football-predictor==0.1.0) (2025.2)
Requirement already satisfied: tzdata>=2022.7 in ./.venv/lib/python3.11/site-packages (from pandas->football-predictor==0.1.0) (2025.2)
Requirement already satisfied: six>=1.5 in ./.venv/lib/python3.11/site-packages (from python-dateutil>=2.8.2->pandas->football-predictor==0.1.0) (1.17.0)
Requirement already satisfied: aiosqlite<1.0.0,>=0.17.0 in ./.venv/lib/python3.11/site-packages (from prefect->football-predictor==0.1.0) (0.20.0)
Requirement already satisfied: alembic<2.0.0,>=1.7.5 in ./.venv/lib/python3.11/site-packages (from prefect->football-predictor==0.1.0) (1.13.1)
Requirement already satisfied: apprise<2.0.0,>=1.8.0 in ./.venv/lib/python3.11/site-packages (from prefect->football-predictor==0.1.0) (1.9.4)
Requirement already satisfied: asyncpg<0.30.0,>=0.23 in ./.venv/lib/python3.11/site-packages (from prefect->football-predictor==0.1.0) (0.29.0)
Requirement already satisfied: click<8.2,>=8.0 in ./.venv/lib/python3.11/site-packages (from prefect->football-predictor==0.1.0) (8.1.8)
Requirement already satisfied: cryptography>=36.0.1 in ./.venv/lib/python3.11/site-packages (from prefect->football-predictor==0.1.0) (45.0.6)
Requirement already satisfied: dateparser<2.0.0,>=1.1.1 in ./.venv/lib/python3.11/site-packages (from prefect->football-predictor==0.1.0) (1.2.2)
Requirement already satisfied: docker<8.0,>=4.0 in ./.venv/lib/python3.11/site-packages (from prefect->football-predictor==0.1.0) (7.1.0)
Requirement already satisfied: graphviz>=0.20.1 in ./.venv/lib/python3.11/site-packages (from prefect->football-predictor==0.1.0) (0.21)
Requirement already satisfied: jinja2<4.0.0,>=3.0.0 in ./.venv/lib/python3.11/site-packages (from prefect->football-predictor==0.1.0) (3.1.6)
Requirement already satisfied: jinja2-humanize-extension>=0.4.0 in ./.venv/lib/python3.11/site-packages (from prefect->football-predictor==0.1.0) (0.4.0)
Requirement already satisfied: humanize<5.0.0,>=4.9.0 in ./.venv/lib/python3.11/site-packages (from prefect->football-predictor==0.1.0) (4.13.0)
Requirement already satisfied: kubernetes<32.0.0,>=24.2.0 in ./.venv/lib/python3.11/site-packages (from prefect->football-predictor==0.1.0) (31.0.0)
Requirement already satisfied: readchar<5.0.0,>=4.0.0 in ./.venv/lib/python3.11/site-packages (from prefect->football-predictor==0.1.0) (4.2.1)
Requirement already satisfied: typer!=0.12.2,<0.17.0,>=0.12.0 in ./.venv/lib/python3.11/site-packages (from prefect->football-predictor==0.1.0) (0.16.1)
Requirement already satisfied: asgi-lifespan<3.0,>=1.0 in ./.venv/lib/python3.11/site-packages (from prefect->football-predictor==0.1.0) (2.1.0)
Requirement already satisfied: cachetools<7.0,>=5.3 in ./.venv/lib/python3.11/site-packages (from prefect->football-predictor==0.1.0) (6.2.0)
Requirement already satisfied: cloudpickle<4.0,>=2.0 in ./.venv/lib/python3.11/site-packages (from prefect->football-predictor==0.1.0) (3.1.1)
Requirement already satisfied: coolname<3.0.0,>=1.0.4 in ./.venv/lib/python3.11/site-packages (from prefect->football-predictor==0.1.0) (2.2.0)
Requirement already satisfied: croniter<6.0.0,>=1.0.12 in ./.venv/lib/python3.11/site-packages (from prefect->football-predictor==0.1.0) (5.0.1)
Requirement already satisfied: fsspec>=2022.5.0 in ./.venv/lib/python3.11/site-packages (from prefect->football-predictor==0.1.0) (2025.7.0)
Requirement already satisfied: exceptiongroup>=1.2.1 in ./.venv/lib/python3.11/site-packages (from prefect->football-predictor==0.1.0) (1.3.0)
Requirement already satisfied: griffe<2.0.0,>=0.49.0 in ./.venv/lib/python3.11/site-packages (from prefect->football-predictor==0.1.0) (1.12.1)
Requirement already satisfied: importlib-resources<6.5.0,>=6.1.3 in ./.venv/lib/python3.11/site-packages (from prefect->football-predictor==0.1.0) (6.4.5)
Requirement already satisfied: jsonpatch<2.0,>=1.32 in ./.venv/lib/python3.11/site-packages (from prefect->football-predictor==0.1.0) (1.33)
Requirement already satisfied: jsonschema<5.0.0,>=4.0.0 in ./.venv/lib/python3.11/site-packages (from prefect->football-predictor==0.1.0) (4.25.1)
Requirement already satisfied: orjson<4.0,>=3.7 in ./.venv/lib/python3.11/site-packages (from prefect->football-predictor==0.1.0) (3.11.2)
Requirement already satisfied: packaging<25.1,>=21.3 in ./.venv/lib/python3.11/site-packages (from prefect->football-predictor==0.1.0) (25.0)
Requirement already satisfied: pathspec>=0.8.0 in ./.venv/lib/python3.11/site-packages (from prefect->football-predictor==0.1.0) (0.12.1)
Requirement already satisfied: python-slugify<9.0,>=5.0 in ./.venv/lib/python3.11/site-packages (from prefect->football-predictor==0.1.0) (8.0.4)
Requirement already satisfied: pyyaml<7.0.0,>=5.4.1 in ./.venv/lib/python3.11/site-packages (from prefect->football-predictor==0.1.0) (6.0.2)
Requirement already satisfied: rfc3339-validator<0.2.0,>=0.1.4 in ./.venv/lib/python3.11/site-packages (from prefect->football-predictor==0.1.0) (0.1.4)
Requirement already satisfied: rich<15.0,>=11.0 in ./.venv/lib/python3.11/site-packages (from prefect->football-predictor==0.1.0) (14.1.0)
Requirement already satisfied: ruamel.yaml>=0.17.0 in ./.venv/lib/python3.11/site-packages (from prefect->football-predictor==0.1.0) (0.18.15)
Requirement already satisfied: toml>=0.10.0 in ./.venv/lib/python3.11/site-packages (from prefect->football-predictor==0.1.0) (0.10.2)
Requirement already satisfied: ujson<6.0.0,>=5.8.0 in ./.venv/lib/python3.11/site-packages (from prefect->football-predictor==0.1.0) (5.11.0)
Requirement already satisfied: websockets<14.0,>=10.4 in ./.venv/lib/python3.11/site-packages (from prefect->football-predictor==0.1.0) (13.1)
Requirement already satisfied: itsdangerous in ./.venv/lib/python3.11/site-packages (from prefect->football-predictor==0.1.0) (2.2.0)
Requirement already satisfied: python-multipart>=0.0.7 in ./.venv/lib/python3.11/site-packages (from prefect->football-predictor==0.1.0) (0.0.20)
Requirement already satisfied: pendulum<3.0 in ./.venv/lib/python3.11/site-packages (from prefect->football-predictor==0.1.0) (2.1.2)
Requirement already satisfied: Mako in ./.venv/lib/python3.11/site-packages (from alembic<2.0.0,>=1.7.5->prefect->football-predictor==0.1.0) (1.3.10)
Requirement already satisfied: requests in ./.venv/lib/python3.11/site-packages (from apprise<2.0.0,>=1.8.0->prefect->football-predictor==0.1.0) (2.32.3)
Requirement already satisfied: requests-oauthlib in ./.venv/lib/python3.11/site-packages (from apprise<2.0.0,>=1.8.0->prefect->football-predictor==0.1.0) (2.0.0)
Requirement already satisfied: markdown in ./.venv/lib/python3.11/site-packages (from apprise<2.0.0,>=1.8.0->prefect->football-predictor==0.1.0) (3.8.2)
Requirement already satisfied: async-timeout>=4.0.3 in ./.venv/lib/python3.11/site-packages (from asyncpg<0.30.0,>=0.23->prefect->football-predictor==0.1.0) (5.0.1)
Requirement already satisfied: regex>=2024.9.11 in ./.venv/lib/python3.11/site-packages (from dateparser<2.0.0,>=1.1.1->prefect->football-predictor==0.1.0) (2025.7.34)
Requirement already satisfied: tzlocal>=0.2 in ./.venv/lib/python3.11/site-packages (from dateparser<2.0.0,>=1.1.1->prefect->football-predictor==0.1.0) (5.3.1)
Requirement already satisfied: urllib3>=1.26.0 in ./.venv/lib/python3.11/site-packages (from docker<8.0,>=4.0->prefect->football-predictor==0.1.0) (2.5.0)
Requirement already satisfied: colorama>=0.4 in ./.venv/lib/python3.11/site-packages (from griffe<2.0.0,>=0.49.0->prefect->football-predictor==0.1.0) (0.4.6)
Requirement already satisfied: MarkupSafe>=2.0 in ./.venv/lib/python3.11/site-packages (from jinja2<4.0.0,>=3.0.0->prefect->football-predictor==0.1.0) (3.0.2)
Requirement already satisfied: jsonpointer>=1.9 in ./.venv/lib/python3.11/site-packages (from jsonpatch<2.0,>=1.32->prefect->football-predictor==0.1.0) (3.0.0)
Requirement already satisfied: attrs>=22.2.0 in ./.venv/lib/python3.11/site-packages (from jsonschema<5.0.0,>=4.0.0->prefect->football-predictor==0.1.0) (25.3.0)
Requirement already satisfied: jsonschema-specifications>=2023.03.6 in ./.venv/lib/python3.11/site-packages (from jsonschema<5.0.0,>=4.0.0->prefect->football-predictor==0.1.0) (2025.4.1)
Requirement already satisfied: referencing>=0.28.4 in ./.venv/lib/python3.11/site-packages (from jsonschema<5.0.0,>=4.0.0->prefect->football-predictor==0.1.0) (0.36.2)
Requirement already satisfied: rpds-py>=0.7.1 in ./.venv/lib/python3.11/site-packages (from jsonschema<5.0.0,>=4.0.0->prefect->football-predictor==0.1.0) (0.27.0)
Requirement already satisfied: google-auth>=1.0.1 in ./.venv/lib/python3.11/site-packages (from kubernetes<32.0.0,>=24.2.0->prefect->football-predictor==0.1.0) (1.6.3)
Requirement already satisfied: websocket-client!=0.40.0,!=0.41.*,!=0.42.*,>=0.32.0 in ./.venv/lib/python3.11/site-packages (from kubernetes<32.0.0,>=24.2.0->prefect->football-predictor==0.1.0) (1.8.0)
Requirement already satisfied: oauthlib>=3.2.2 in ./.venv/lib/python3.11/site-packages (from kubernetes<32.0.0,>=24.2.0->prefect->football-predictor==0.1.0) (3.3.1)
Requirement already satisfied: durationpy>=0.7 in ./.venv/lib/python3.11/site-packages (from kubernetes<32.0.0,>=24.2.0->prefect->football-predictor==0.1.0) (0.10)
Requirement already satisfied: pytzdata>=2020.1 in ./.venv/lib/python3.11/site-packages (from pendulum<3.0->prefect->football-predictor==0.1.0) (2020.1)
Requirement already satisfied: email-validator>=2.0.0 in ./.venv/lib/python3.11/site-packages (from pydantic[email]!=2.0.0,!=2.0.1,!=2.1.0,<3.0.0,>=1.10.0->prefect->football-predictor==0.1.0) (2.2.0)
Requirement already satisfied: text-unidecode>=1.3 in ./.venv/lib/python3.11/site-packages (from python-slugify<9.0,>=5.0->prefect->football-predictor==0.1.0) (1.3)
Requirement already satisfied: markdown-it-py>=2.2.0 in ./.venv/lib/python3.11/site-packages (from rich<15.0,>=11.0->prefect->football-predictor==0.1.0) (4.0.0)
Requirement already satisfied: pygments<3.0.0,>=2.13.0 in ./.venv/lib/python3.11/site-packages (from rich<15.0,>=11.0->prefect->football-predictor==0.1.0) (2.19.2)
Requirement already satisfied: greenlet!=0.4.17 in ./.venv/lib/python3.11/site-packages (from sqlalchemy->football-predictor==0.1.0) (3.2.4)
Requirement already satisfied: shellingham>=1.3.0 in ./.venv/lib/python3.11/site-packages (from typer!=0.12.2,<0.17.0,>=0.12.0->prefect->football-predictor==0.1.0) (1.5.4)
Requirement already satisfied: cffi>=1.14 in ./.venv/lib/python3.11/site-packages (from cryptography>=36.0.1->prefect->football-predictor==0.1.0) (1.17.1)
Requirement already satisfied: pycparser in ./.venv/lib/python3.11/site-packages (from cffi>=1.14->cryptography>=36.0.1->prefect->football-predictor==0.1.0) (2.22)
Requirement already satisfied: dnspython>=2.0.0 in ./.venv/lib/python3.11/site-packages (from email-validator>=2.0.0->pydantic[email]!=2.0.0,!=2.0.1,!=2.1.0,<3.0.0,>=1.10.0->prefect->football-predictor==0.1.0) (2.7.0)
Requirement already satisfied: pyasn1-modules>=0.2.1 in ./.venv/lib/python3.11/site-packages (from google-auth>=1.0.1->kubernetes<32.0.0,>=24.2.0->prefect->football-predictor==0.1.0) (0.4.2)
Requirement already satisfied: rsa>=3.1.4 in ./.venv/lib/python3.11/site-packages (from google-auth>=1.0.1->kubernetes<32.0.0,>=24.2.0->prefect->football-predictor==0.1.0) (4.9.1)
Requirement already satisfied: h2<5,>=3 in ./.venv/lib/python3.11/site-packages (from httpx[http2]!=0.23.2,>=0.23->prefect->football-predictor==0.1.0) (4.3.0)
Requirement already satisfied: hyperframe<7,>=6.1 in ./.venv/lib/python3.11/site-packages (from h2<5,>=3->httpx[http2]!=0.23.2,>=0.23->prefect->football-predictor==0.1.0) (6.1.0)
Requirement already satisfied: hpack<5,>=4.1 in ./.venv/lib/python3.11/site-packages (from h2<5,>=3->httpx[http2]!=0.23.2,>=0.23->prefect->football-predictor==0.1.0) (4.1.0)
Requirement already satisfied: mdurl~=0.1 in ./.venv/lib/python3.11/site-packages (from markdown-it-py>=2.2.0->rich<15.0,>=11.0->prefect->football-predictor==0.1.0) (0.1.2)
Requirement already satisfied: pyasn1<0.7.0,>=0.6.1 in ./.venv/lib/python3.11/site-packages (from pyasn1-modules>=0.2.1->google-auth>=1.0.1->kubernetes<32.0.0,>=24.2.0->prefect->football-predictor==0.1.0) (0.6.1)
Requirement already satisfied: charset-normalizer<4,>=2 in ./.venv/lib/python3.11/site-packages (from requests->apprise<2.0.0,>=1.8.0->prefect->football-predictor==0.1.0) (3.4.3)
Requirement already satisfied: ruamel.yaml.clib>=0.2.7 in ./.venv/lib/python3.11/site-packages (from ruamel.yaml>=0.17.0->prefect->football-predictor==0.1.0) (0.2.12)
Requirement already satisfied: psycopg-binary==3.2.9 in ./.venv/lib/python3.11/site-packages (from psycopg[binary]->football-predictor==0.1.0) (3.2.9)
Requirement already satisfied: python-dotenv>=0.21.0 in ./.venv/lib/python3.11/site-packages (from pydantic-settings->football-predictor==0.1.0) (1.0.1)
Requirement already satisfied: iniconfig in ./.venv/lib/python3.11/site-packages (from pytest->football-predictor==0.1.0) (2.1.0)
Requirement already satisfied: pluggy<2.0,>=1.5 in ./.venv/lib/python3.11/site-packages (from pytest->football-predictor==0.1.0) (1.6.0)
Requirement already satisfied: coverage>=5.2.1 in ./.venv/lib/python3.11/site-packages (from coverage[toml]>=5.2.1->pytest-cov->football-predictor==0.1.0) (7.10.5)
Requirement already satisfied: scipy in ./.venv/lib/python3.11/site-packages (from xgboost->football-predictor==0.1.0) (1.13.1)
Building wheels for collected packages: football-predictor
  Building editable for football-predictor (pyproject.toml): started
  Building editable for football-predictor (pyproject.toml): finished with status 'done'
  Created wheel for football-predictor: filename=football_predictor-0.1.0-0.editable-py3-none-any.whl size=3065 sha256=a1cc02af87e585cac1d194bb3a5c763b5b592ec5b0b79865f4590da9fa1bbe45
  Stored in directory: /tmp/pip-ephem-wheel-cache-q432pu4n/wheels/64/99/10/153d834cda61dfe48cf684aaa01b5a09f060b41900d02c9999
Successfully built football-predictor
Installing collected packages: football-predictor
  Attempting uninstall: football-predictor
    Found existing installation: football-predictor 0.1.0
    Uninstalling football-predictor-0.1.0:
      Successfully uninstalled football-predictor-0.1.0
Successfully installed football-predictor-0.1.0
pip install pre-commit ruff mypy pytest pytest-cov bandit
